训练集统计=======
别名 	 338
no_relation 	 82103
配偶 	 11317
出生日期 	 22583
国籍 	 14328
出生地 	 20453
职业 	 6147
母亲 	 3488
祖籍 	 1516
死亡地 	 949
父亲 	 5301
死亡日期 	 633
居住地 	 389
信仰宗教 	 414
父母 	 220
母校 	 444
学历 	 146
教育背景 	 104
子女 	 141
性别 	 234
所属派别 	 80
就职部门(公司) 	 194
专业 	 23
外文名 	 1
总计 171546
测试集统计=======
配偶 	 1850
no_relation 	 14571
出生日期 	 4051
国籍 	 2523
出生地 	 3641
父亲 	 911
职业 	 1093
别名 	 80
所属派别 	 11
学历 	 21
死亡地 	 162
性别 	 26
母亲 	 644
祖籍 	 267
教育背景 	 14
就职部门(公司) 	 32
母校 	 71
居住地 	 70
死亡日期 	 120
子女 	 25
信仰宗教 	 70
父母 	 42
专业 	 6
总计 30301
